TN:
SF:src\services\slices\appSlice.ts
FN:14,getInitialized
FN:16,extraReducers
FNF:2
FNH:1
FNDA:0,getInitialized
FNDA:2,extraReducers
DA:1,1
DA:2,1
DA:3,1
DA:4,1
DA:5,1
DA:6,1
DA:7,1
DA:8,1
DA:9,1
DA:10,1
DA:11,1
DA:12,1
DA:13,1
DA:14,1
DA:15,1
DA:16,1
DA:17,2
DA:18,2
DA:19,1
DA:20,2
DA:21,2
DA:22,1
DA:23,2
DA:24,2
DA:25,1
DA:26,2
DA:27,2
DA:28,1
DA:29,1
DA:30,1
DA:31,1
LF:31
LH:31
BRDA:16,0,0,2
BRDA:18,1,0,1
BRDA:21,2,0,1
BRDA:24,3,0,1
BRF:4
BRH:4
end_of_record
TN:
SF:src\services\slices\burgerConstructorSlice.ts
FN:24,reducer
FN:34,prepare
FN:39,removeIngredient
FN:45,setOrderRequest
FN:48,moveIngredient
FN:64,setModalOrderData
FN:69,getConstructorItems
FN:70,getOrderRequest
FN:71,getOrderModalData
FN:73,extraReducers
FNF:10
FNH:7
FNDA:2,reducer
FNDA:2,prepare
FNDA:1,removeIngredient
FNDA:1,setOrderRequest
FNDA:1,moveIngredient
FNDA:1,setModalOrderData
FNDA:0,getConstructorItems
FNDA:0,getOrderRequest
FNDA:0,getOrderModalData
FNDA:2,extraReducers
DA:1,1
DA:2,1
DA:3,1
DA:4,1
DA:5,1
DA:6,1
DA:7,1
DA:8,1
DA:9,1
DA:10,1
DA:11,1
DA:12,1
DA:13,1
DA:14,1
DA:15,1
DA:16,1
DA:17,1
DA:18,1
DA:19,1
DA:20,1
DA:21,1
DA:22,1
DA:23,1
DA:24,1
DA:25,2
DA:26,1
DA:27,1
DA:28,1
DA:29,1
DA:30,1
DA:31,1
DA:32,1
DA:33,1
DA:34,1
DA:35,2
DA:36,2
DA:37,2
DA:38,1
DA:39,1
DA:40,1
DA:41,1
DA:42,1
DA:43,1
DA:44,1
DA:45,1
DA:46,1
DA:47,1
DA:48,1
DA:49,1
DA:50,1
DA:51,1
DA:52,1
DA:53,1
DA:54,1
DA:55,1
DA:56,1
DA:57,1
DA:58,1
DA:59,1
DA:60,1
DA:61,1
DA:62,1
DA:63,1
DA:64,1
DA:65,1
DA:66,1
DA:67,1
DA:68,1
DA:69,1
DA:70,1
DA:71,1
DA:72,1
DA:73,1
DA:74,2
DA:75,2
DA:76,1
DA:77,1
DA:78,1
DA:79,1
DA:80,1
DA:81,1
DA:82,1
DA:83,1
DA:84,1
DA:85,2
DA:86,2
DA:87,2
DA:88,2
DA:89,1
DA:90,1
DA:91,1
DA:92,1
DA:93,2
DA:94,2
DA:95,1
DA:96,1
DA:97,2
DA:98,2
DA:99,1
DA:100,1
DA:101,1
DA:102,1
DA:103,1
DA:104,1
DA:105,1
DA:106,1
DA:107,1
DA:108,1
DA:109,1
DA:110,1
LF:110
LH:110
BRDA:24,0,0,2
BRDA:25,1,0,1
BRDA:34,2,0,2
BRDA:39,3,0,1
BRDA:42,4,0,2
BRDA:45,5,0,1
BRDA:48,6,0,1
BRDA:64,7,0,1
BRDA:73,8,0,2
BRDA:75,9,0,1
BRDA:88,10,0,1
BRDA:94,11,0,1
BRDA:95,12,0,0
BRF:13
BRH:12
end_of_record
TN:
SF:src\services\slices\feedSlice.ts
FN:20,setPreviewOrder
FN:25,getFeedSelector
FN:26,getOrdersSelector
FN:27,getPreviewOrder
FN:28,getIsFetchingFeeds
FN:30,extraReducers
FNF:6
FNH:2
FNDA:1,setPreviewOrder
FNDA:0,getFeedSelector
FNDA:0,getOrdersSelector
FNDA:0,getPreviewOrder
FNDA:0,getIsFetchingFeeds
FNDA:2,extraReducers
DA:1,1
DA:2,1
DA:3,1
DA:4,1
DA:5,1
DA:6,1
DA:7,1
DA:8,1
DA:9,1
DA:10,1
DA:11,1
DA:12,1
DA:13,1
DA:14,1
DA:15,1
DA:16,1
DA:17,1
DA:18,1
DA:19,1
DA:20,1
DA:21,1
DA:22,1
DA:23,1
DA:24,1
DA:25,1
DA:26,1
DA:27,1
DA:28,1
DA:29,1
DA:30,1
DA:31,2
DA:32,2
DA:33,1
DA:34,2
DA:35,2
DA:36,2
DA:37,2
DA:38,1
DA:39,1
DA:40,1
DA:41,2
DA:42,2
DA:43,1
DA:44,2
DA:45,2
DA:46,2
DA:47,2
DA:48,1
DA:49,1
DA:50,2
DA:51,2
DA:52,1
DA:53,1
DA:54,1
DA:55,1
DA:56,1
DA:57,1
DA:58,1
DA:59,1
DA:60,1
DA:61,1
LF:61
LH:61
BRDA:20,0,0,1
BRDA:30,1,0,2
BRDA:32,2,0,1
BRDA:37,3,0,1
BRDA:42,4,0,1
BRDA:47,5,0,1
BRF:6
BRH:6
end_of_record
TN:
SF:src\services\slices\ingredientsSlice.ts
FN:17,setPreviewIngredientId
FN:25,getIngredientsSelector
FN:26,getIsIngredientLoading
FN:27,getPreviewIngredientId
FN:29,extraReducers
FNF:5
FNH:2
FNDA:1,setPreviewIngredientId
FNDA:0,getIngredientsSelector
FNDA:0,getIsIngredientLoading
FNDA:0,getPreviewIngredientId
FNDA:2,extraReducers
DA:1,1
DA:2,1
DA:3,1
DA:4,1
DA:5,1
DA:6,1
DA:7,1
DA:8,1
DA:9,1
DA:10,1
DA:11,1
DA:12,1
DA:13,1
DA:14,1
DA:15,1
DA:16,1
DA:17,1
DA:18,1
DA:19,1
DA:20,1
DA:21,1
DA:22,1
DA:23,1
DA:24,1
DA:25,1
DA:26,1
DA:27,1
DA:28,1
DA:29,1
DA:30,2
DA:31,2
DA:32,1
DA:33,1
DA:34,2
DA:35,2
DA:36,2
DA:37,2
DA:38,1
DA:39,1
DA:40,1
DA:41,1
DA:42,2
DA:43,2
DA:44,1
DA:45,1
DA:46,2
DA:47,2
DA:48,1
DA:49,1
DA:50,1
DA:51,1
DA:52,1
DA:53,1
DA:54,1
DA:55,1
DA:56,1
LF:56
LH:56
BRDA:17,0,0,1
BRDA:29,1,0,2
BRDA:31,2,0,1
BRDA:37,3,0,1
BRDA:43,4,0,1
BRDA:45,5,0,0
BRF:6
BRH:5
end_of_record
TN:
SF:src\services\slices\profileSlice.ts
FN:16,getUserOrdersSelector
FN:17,getIsFetchingOrders
FN:19,extraReducers
FNF:3
FNH:1
FNDA:0,getUserOrdersSelector
FNDA:0,getIsFetchingOrders
FNDA:2,extraReducers
DA:1,1
DA:2,1
DA:3,1
DA:4,1
DA:5,1
DA:6,1
DA:7,1
DA:8,1
DA:9,1
DA:10,1
DA:11,1
DA:12,1
DA:13,1
DA:14,1
DA:15,1
DA:16,1
DA:17,1
DA:18,1
DA:19,1
DA:20,2
DA:21,2
DA:22,1
DA:23,2
DA:24,2
DA:25,2
DA:26,2
DA:27,1
DA:28,1
DA:29,1
DA:30,2
DA:31,2
DA:32,1
DA:33,2
DA:34,2
DA:35,1
DA:36,1
DA:37,1
DA:38,1
DA:39,1
LF:39
LH:39
BRDA:19,0,0,2
BRDA:21,1,0,1
BRDA:26,2,0,1
BRDA:31,3,0,1
BRF:4
BRH:4
end_of_record
TN:
SF:src\services\slices\userSlice.ts
FN:40,setAuthChecked
FN:43,setLoginUserError
FN:46,setRegisterUserError
FN:49,setUpdateUserError
FN:54,getAuthChecked
FN:55,getIsAuthenticated
FN:56,getUserSelector
FN:58,getLoginUserRequest
FN:59,getRegisterUserRequest
FN:60,getLogoutUserRequest
FN:61,getUpdateUserRequest
FN:63,getLoginUserError
FN:64,getRegisterUserError
FN:65,getLogoutUserError
FN:66,getUpdateUserError
FN:68,extraReducers
FNF:16
FNH:5
FNDA:1,setAuthChecked
FNDA:1,setLoginUserError
FNDA:1,setRegisterUserError
FNDA:1,setUpdateUserError
FNDA:0,getAuthChecked
FNDA:0,getIsAuthenticated
FNDA:0,getUserSelector
FNDA:0,getLoginUserRequest
FNDA:0,getRegisterUserRequest
FNDA:0,getLogoutUserRequest
FNDA:0,getUpdateUserRequest
FNDA:0,getLoginUserError
FNDA:0,getRegisterUserError
FNDA:0,getLogoutUserError
FNDA:0,getUpdateUserError
FNDA:2,extraReducers
DA:1,1
DA:2,1
DA:3,1
DA:4,1
DA:5,1
DA:6,1
DA:7,1
DA:8,1
DA:9,1
DA:10,1
DA:11,1
DA:12,1
DA:13,1
DA:14,1
DA:15,1
DA:16,1
DA:17,1
DA:18,1
DA:19,1
DA:20,1
DA:21,1
DA:22,1
DA:23,1
DA:24,1
DA:25,1
DA:26,1
DA:27,1
DA:28,1
DA:29,1
DA:30,1
DA:31,1
DA:32,1
DA:33,1
DA:34,1
DA:35,1
DA:36,1
DA:37,1
DA:38,1
DA:39,1
DA:40,1
DA:41,1
DA:42,1
DA:43,1
DA:44,1
DA:45,1
DA:46,1
DA:47,1
DA:48,1
DA:49,1
DA:50,1
DA:51,1
DA:52,1
DA:53,1
DA:54,1
DA:55,1
DA:56,1
DA:57,1
DA:58,1
DA:59,1
DA:60,1
DA:61,1
DA:62,1
DA:63,1
DA:64,1
DA:65,1
DA:66,1
DA:67,1
DA:68,1
DA:69,2
DA:70,2
DA:71,1
DA:72,1
DA:73,2
DA:74,2
DA:75,1
DA:76,1
DA:77,2
DA:78,2
DA:79,2
DA:80,2
DA:81,1
DA:82,1
DA:83,1
DA:84,1
DA:85,2
DA:86,2
DA:87,2
DA:88,2
DA:89,2
DA:90,2
DA:91,2
DA:92,2
DA:93,1
DA:94,1
DA:95,1
DA:96,2
DA:97,2
DA:98,1
DA:99,1
DA:100,2
DA:101,2
DA:102,2
DA:103,2
DA:104,2
DA:105,2
DA:106,2
DA:107,2
DA:108,1
DA:109,1
DA:110,1
DA:111,2
DA:112,2
DA:113,1
DA:114,1
DA:115,2
DA:116,2
DA:117,2
DA:118,1
DA:119,2
DA:120,2
DA:121,1
DA:122,2
DA:123,2
DA:124,1
DA:125,1
DA:126,1
DA:127,2
DA:128,2
DA:129,2
DA:130,1
DA:131,2
DA:132,2
DA:133,2
DA:134,2
DA:135,1
DA:136,1
DA:137,1
DA:138,2
DA:139,2
DA:140,1
DA:141,2
DA:142,2
DA:143,1
DA:144,1
DA:145,1
DA:146,1
DA:147,1
DA:148,1
DA:149,1
DA:150,1
DA:151,1
DA:152,1
DA:153,1
DA:154,1
DA:155,1
DA:156,1
DA:157,1
DA:158,1
DA:159,1
DA:160,1
DA:161,1
DA:162,1
DA:163,1
LF:163
LH:163
BRDA:40,0,0,1
BRDA:43,1,0,1
BRDA:46,2,0,1
BRDA:49,3,0,1
BRDA:68,4,0,2
BRDA:70,5,0,1
BRDA:74,6,0,1
BRDA:80,7,0,1
BRDA:87,8,0,1
BRDA:92,9,0,1
BRDA:97,10,0,1
BRDA:102,11,0,1
BRDA:107,12,0,1
BRDA:112,13,0,1
BRDA:117,14,0,1
BRDA:120,15,0,1
BRDA:123,16,0,1
BRDA:129,17,0,1
BRDA:134,18,0,1
BRDA:139,19,0,1
BRF:20
BRH:20
end_of_record
